2024-09-19 18:16:05,906 - config.config - INFO - Connected to Database
2024-09-19 18:16:05,924 - config.config - INFO - Connected to Database
2024-09-19 18:16:05,929 - config.config - INFO - Rooms table created successfully
2024-09-19 18:16:05,930 - config.config - INFO - Table 'students' created successfully
2024-09-19 18:16:05,934 - config.config - ERROR - Index creation failed due to relation "idx_students_room_sex" already exists

2024-09-19 18:16:06,337 - config.config - INFO - Rooms data added successfully.
2024-09-19 18:16:06,337 - config.config - INFO - Data loaded successfully 
2024-09-19 18:16:06,337 - config.config - INFO - Database committed 
2024-09-19 18:16:10,488 - config.config - INFO - Students data added successfully.
2024-09-19 18:16:10,489 - config.config - INFO - Data loaded successfully 
2024-09-19 18:16:10,489 - config.config - INFO - Database committed 
2024-09-19 18:16:10,496 - config.config - INFO - get_rooms_with_student_count worked successfully.
2024-09-19 18:16:10,503 - config.config - INFO - get_avg_min_age_in_room worked successfully.
2024-09-19 18:16:10,513 - config.config - INFO - get_max_age_diff_room worked successfully.
2024-09-19 18:16:10,517 - config.config - INFO - get_mixedsex_rooms worked successfully.
2024-09-19 18:16:10,517 - config.config - INFO - Data converted to a list of dictionaries successfully.
2024-09-19 18:16:10,521 - config.config - INFO - Data successfully saved to getting_rooms_with_st_count.json
2024-09-19 18:16:10,521 - config.config - INFO - Data converted to a list of dictionaries successfully.
2024-09-19 18:16:10,521 - config.config - INFO - Data successfully saved to getting_five_rooms_with_min_avg_age.json
2024-09-19 18:16:10,521 - config.config - INFO - Data converted to a list of dictionaries successfully.
2024-09-19 18:16:10,521 - config.config - INFO - Data successfully saved to getting_rooms_with_max_age_diff.json
2024-09-19 18:16:10,521 - config.config - INFO - Data converted to a list of dictionaries successfully.
2024-09-19 18:16:10,523 - config.config - INFO - Data successfully saved to getting_mixed_sex_rooms.json
2024-09-19 18:16:10,524 - config.config - INFO - Data converted to a list of dictionaries successfully.
2024-09-19 18:16:10,527 - config.config - INFO - Data successfully saved to getting_rooms_with_st_count.xml
2024-09-19 18:16:10,527 - config.config - INFO - Data converted to a list of dictionaries successfully.
2024-09-19 18:16:10,527 - config.config - INFO - Data successfully saved to getting_five_rooms_with_min_avg_age.xml
2024-09-19 18:16:10,527 - config.config - INFO - Data converted to a list of dictionaries successfully.
2024-09-19 18:16:10,528 - config.config - INFO - Data successfully saved to getting_rooms_with_max_age_diff.xml
2024-09-19 18:16:10,528 - config.config - INFO - Data converted to a list of dictionaries successfully.
2024-09-19 18:16:10,530 - config.config - INFO - Data successfully saved to getting_mixed_sex_rooms.xml
2024-09-19 18:16:10,530 - config.config - INFO - Connection with DB was closed
2024-09-19 18:17:47,983 - config.config - INFO - Connected to Database
2024-09-19 18:17:48,008 - config.config - INFO - Connected to Database
2024-09-19 18:17:48,009 - config.config - INFO - Rooms table created successfully
2024-09-19 18:17:48,010 - config.config - INFO - Table 'students' created successfully
2024-09-19 18:17:48,011 - config.config - WARNING - Index creation failed due to relation "idx_students_room_sex" already exists

2024-09-19 18:17:48,422 - config.config - INFO - Rooms data added successfully.
2024-09-19 18:17:48,422 - config.config - INFO - Data loaded successfully 
2024-09-19 18:17:48,422 - config.config - INFO - Database committed 
2024-09-19 18:17:52,351 - config.config - INFO - Students data added successfully.
2024-09-19 18:17:52,351 - config.config - INFO - Data loaded successfully 
2024-09-19 18:17:52,352 - config.config - INFO - Database committed 
2024-09-19 18:17:52,356 - config.config - INFO - get_rooms_with_student_count worked successfully.
2024-09-19 18:17:52,361 - config.config - INFO - get_avg_min_age_in_room worked successfully.
2024-09-19 18:17:52,369 - config.config - INFO - get_max_age_diff_room worked successfully.
2024-09-19 18:17:52,372 - config.config - INFO - get_mixedsex_rooms worked successfully.
2024-09-19 18:17:52,372 - config.config - INFO - Data converted to a list of dictionaries successfully.
2024-09-19 18:17:52,376 - config.config - INFO - Data successfully saved to getting_rooms_with_st_count.json
2024-09-19 18:17:52,376 - config.config - INFO - Data converted to a list of dictionaries successfully.
2024-09-19 18:17:52,376 - config.config - INFO - Data successfully saved to getting_five_rooms_with_min_avg_age.json
2024-09-19 18:17:52,376 - config.config - INFO - Data converted to a list of dictionaries successfully.
2024-09-19 18:17:52,376 - config.config - INFO - Data successfully saved to getting_rooms_with_max_age_diff.json
2024-09-19 18:17:52,377 - config.config - INFO - Data converted to a list of dictionaries successfully.
2024-09-19 18:17:52,379 - config.config - INFO - Data successfully saved to getting_mixed_sex_rooms.json
2024-09-19 18:17:52,379 - config.config - INFO - Data converted to a list of dictionaries successfully.
2024-09-19 18:17:52,382 - config.config - INFO - Data successfully saved to getting_rooms_with_st_count.xml
2024-09-19 18:17:52,382 - config.config - INFO - Data converted to a list of dictionaries successfully.
2024-09-19 18:17:52,382 - config.config - INFO - Data successfully saved to getting_five_rooms_with_min_avg_age.xml
2024-09-19 18:17:52,382 - config.config - INFO - Data converted to a list of dictionaries successfully.
2024-09-19 18:17:52,382 - config.config - INFO - Data successfully saved to getting_rooms_with_max_age_diff.xml
2024-09-19 18:17:52,383 - config.config - INFO - Data converted to a list of dictionaries successfully.
2024-09-19 18:17:52,385 - config.config - INFO - Data successfully saved to getting_mixed_sex_rooms.xml
2024-09-19 18:17:52,385 - config.config - INFO - Connection with DB was closed
2024-09-19 18:20:38,418 - config.config - INFO - Connected to Database
2024-09-19 18:20:38,443 - config.config - INFO - Connected to Database
2024-09-19 18:20:38,446 - config.config - INFO - Rooms table created successfully
2024-09-19 18:20:38,447 - config.config - INFO - Table 'students' created successfully
2024-09-19 18:20:38,450 - config.config - WARNING - Index creation failed due to relation "idx_students_room_sex" already exists

2024-09-19 18:20:38,851 - config.config - INFO - Rooms data added successfully.
2024-09-19 18:20:38,851 - config.config - INFO - Data loaded successfully 
2024-09-19 18:20:38,851 - config.config - INFO - Database committed 
2024-09-19 18:20:42,987 - config.config - INFO - Students data added successfully.
2024-09-19 18:20:42,988 - config.config - INFO - Data loaded successfully 
2024-09-19 18:20:42,988 - config.config - INFO - Database committed 
2024-09-19 18:20:42,994 - config.config - INFO - get_rooms_with_student_count worked successfully.
2024-09-19 18:20:43,001 - config.config - INFO - get_avg_min_age_in_room worked successfully.
2024-09-19 18:20:43,009 - config.config - INFO - get_max_age_diff_room worked successfully.
2024-09-19 18:20:43,013 - config.config - INFO - get_mixedsex_rooms worked successfully.
2024-09-19 18:20:43,013 - config.config - INFO - Data converted to a list of dictionaries successfully.
2024-09-19 18:20:43,017 - config.config - INFO - Data successfully saved to getting_rooms_with_st_count.json
2024-09-19 18:20:43,017 - config.config - INFO - Data converted to a list of dictionaries successfully.
2024-09-19 18:20:43,017 - config.config - INFO - Data successfully saved to getting_five_rooms_with_min_avg_age.json
2024-09-19 18:20:43,017 - config.config - INFO - Data converted to a list of dictionaries successfully.
2024-09-19 18:20:43,017 - config.config - INFO - Data successfully saved to getting_rooms_with_max_age_diff.json
2024-09-19 18:20:43,017 - config.config - INFO - Data converted to a list of dictionaries successfully.
2024-09-19 18:20:43,019 - config.config - INFO - Data successfully saved to getting_mixed_sex_rooms.json
2024-09-19 18:20:43,019 - config.config - INFO - Data converted to a list of dictionaries successfully.
2024-09-19 18:20:43,023 - config.config - INFO - Data successfully saved to getting_rooms_with_st_count.xml
2024-09-19 18:20:43,023 - config.config - INFO - Data converted to a list of dictionaries successfully.
2024-09-19 18:20:43,023 - config.config - INFO - Data successfully saved to getting_five_rooms_with_min_avg_age.xml
2024-09-19 18:20:43,023 - config.config - INFO - Data converted to a list of dictionaries successfully.
2024-09-19 18:20:43,023 - config.config - INFO - Data successfully saved to getting_rooms_with_max_age_diff.xml
2024-09-19 18:20:43,023 - config.config - INFO - Data converted to a list of dictionaries successfully.
2024-09-19 18:20:43,025 - config.config - INFO - Data successfully saved to getting_mixed_sex_rooms.xml
2024-09-19 18:20:43,026 - config.config - INFO - Connection with DB was closed
2024-09-19 18:21:34,495 - config.config - INFO - Connected to Database
2024-09-19 18:21:34,504 - config.config - INFO - Connected to Database
2024-09-19 18:21:34,506 - config.config - INFO - Rooms table created successfully
2024-09-19 18:21:34,508 - config.config - INFO - Table 'students' created successfully
2024-09-19 18:21:34,510 - config.config - WARNING - Index creation failed due to relation "idx_students_room_sex" already exists

2024-09-19 18:21:34,924 - config.config - INFO - Rooms data added successfully.
2024-09-19 18:21:34,925 - config.config - INFO - Data loaded successfully 
2024-09-19 18:21:34,925 - config.config - INFO - Database committed 
2024-09-19 18:21:38,755 - config.config - INFO - Students data added successfully.
2024-09-19 18:21:38,756 - config.config - INFO - Data loaded successfully 
2024-09-19 18:21:38,756 - config.config - INFO - Database committed 
2024-09-19 18:21:38,760 - config.config - INFO - get_rooms_with_student_count worked successfully.
2024-09-19 18:21:38,766 - config.config - INFO - get_avg_min_age_in_room worked successfully.
2024-09-19 18:21:38,774 - config.config - INFO - get_max_age_diff_room worked successfully.
2024-09-19 18:21:38,777 - config.config - INFO - get_mixedsex_rooms worked successfully.
2024-09-19 18:21:38,778 - config.config - INFO - Data converted to a list of dictionaries successfully.
2024-09-19 18:21:38,780 - config.config - INFO - Data successfully saved to getting_rooms_with_st_count.json
2024-09-19 18:21:38,780 - config.config - INFO - Data converted to a list of dictionaries successfully.
2024-09-19 18:21:38,781 - config.config - INFO - Data successfully saved to getting_five_rooms_with_min_avg_age.json
2024-09-19 18:21:38,781 - config.config - INFO - Data converted to a list of dictionaries successfully.
2024-09-19 18:21:38,781 - config.config - INFO - Data successfully saved to getting_rooms_with_max_age_diff.json
2024-09-19 18:21:38,781 - config.config - INFO - Data converted to a list of dictionaries successfully.
2024-09-19 18:21:38,783 - config.config - INFO - Data successfully saved to getting_mixed_sex_rooms.json
2024-09-19 18:21:38,783 - config.config - INFO - Data converted to a list of dictionaries successfully.
2024-09-19 18:21:38,786 - config.config - INFO - Data successfully saved to getting_rooms_with_st_count.xml
2024-09-19 18:21:38,786 - config.config - INFO - Data converted to a list of dictionaries successfully.
2024-09-19 18:21:38,786 - config.config - INFO - Data successfully saved to getting_five_rooms_with_min_avg_age.xml
2024-09-19 18:21:38,787 - config.config - INFO - Data converted to a list of dictionaries successfully.
2024-09-19 18:21:38,787 - config.config - INFO - Data successfully saved to getting_rooms_with_max_age_diff.xml
2024-09-19 18:21:38,787 - config.config - INFO - Data converted to a list of dictionaries successfully.
2024-09-19 18:21:38,789 - config.config - INFO - Data successfully saved to getting_mixed_sex_rooms.xml
2024-09-19 18:21:38,789 - config.config - INFO - Connection with DB was closed
2024-09-19 18:22:30,392 - config.config - INFO - Connected to Database
2024-09-19 18:22:30,401 - config.config - INFO - Connected to Database
2024-09-19 18:22:30,402 - config.config - INFO - Rooms table created successfully
2024-09-19 18:22:30,405 - config.config - INFO - Table 'students' created successfully
2024-09-19 18:23:21,739 - config.config - INFO - Connected to Database
2024-09-19 18:23:21,748 - config.config - INFO - Connected to Database
2024-09-19 18:23:21,749 - config.config - INFO - Rooms table created successfully
2024-09-19 18:23:21,751 - config.config - INFO - Table 'students' created successfully
2024-09-19 18:24:17,316 - config.config - INFO - Connected to Database
2024-09-19 18:24:17,325 - config.config - INFO - Connected to Database
2024-09-19 18:24:17,327 - config.config - INFO - Rooms table created successfully
2024-09-19 18:24:17,329 - config.config - INFO - Table 'students' created successfully
2024-09-19 18:24:17,330 - config.config - ERROR - Index creation failed due to relation "idx_students_room_sex" already exists

2024-09-19 18:24:17,332 - config.config - ERROR - Data insertion failed due to current transaction is aborted, commands ignored until end of transaction block

2024-09-19 18:24:17,332 - config.config - INFO - Rooms data added successfully.
2024-09-19 18:24:17,332 - config.config - INFO - Data loaded successfully 
2024-09-19 18:24:17,332 - config.config - INFO - Database committed 
2024-09-19 18:24:21,480 - config.config - INFO - Students data added successfully.
2024-09-19 18:24:21,480 - config.config - INFO - Data loaded successfully 
2024-09-19 18:24:21,481 - config.config - INFO - Database committed 
2024-09-19 18:24:21,487 - config.config - INFO - get_rooms_with_student_count worked successfully.
2024-09-19 18:24:21,494 - config.config - INFO - get_avg_min_age_in_room worked successfully.
2024-09-19 18:24:21,502 - config.config - INFO - get_max_age_diff_room worked successfully.
2024-09-19 18:24:21,505 - config.config - INFO - get_mixedsex_rooms worked successfully.
2024-09-19 18:24:21,505 - config.config - INFO - Data converted to a list of dictionaries successfully.
2024-09-19 18:24:21,507 - config.config - INFO - Data successfully saved to getting_rooms_with_st_count.json
2024-09-19 18:24:21,508 - config.config - INFO - Data converted to a list of dictionaries successfully.
2024-09-19 18:24:21,508 - config.config - INFO - Data successfully saved to getting_five_rooms_with_min_avg_age.json
2024-09-19 18:24:21,508 - config.config - INFO - Data converted to a list of dictionaries successfully.
2024-09-19 18:24:21,508 - config.config - INFO - Data successfully saved to getting_rooms_with_max_age_diff.json
2024-09-19 18:24:21,508 - config.config - INFO - Data converted to a list of dictionaries successfully.
2024-09-19 18:24:21,510 - config.config - INFO - Data successfully saved to getting_mixed_sex_rooms.json
2024-09-19 18:24:21,510 - config.config - INFO - Data converted to a list of dictionaries successfully.
2024-09-19 18:24:21,514 - config.config - INFO - Data successfully saved to getting_rooms_with_st_count.xml
2024-09-19 18:24:21,514 - config.config - INFO - Data converted to a list of dictionaries successfully.
2024-09-19 18:24:21,514 - config.config - INFO - Data successfully saved to getting_five_rooms_with_min_avg_age.xml
2024-09-19 18:24:21,514 - config.config - INFO - Data converted to a list of dictionaries successfully.
2024-09-19 18:24:21,514 - config.config - INFO - Data successfully saved to getting_rooms_with_max_age_diff.xml
2024-09-19 18:24:21,514 - config.config - INFO - Data converted to a list of dictionaries successfully.
2024-09-19 18:24:21,517 - config.config - INFO - Data successfully saved to getting_mixed_sex_rooms.xml
2024-09-19 18:24:21,518 - config.config - INFO - Connection with DB was closed
2024-09-19 18:25:24,756 - config.config - INFO - Connected to Database
2024-09-19 18:25:24,764 - config.config - INFO - Connected to Database
2024-09-19 18:25:24,765 - config.config - INFO - Rooms table created successfully
2024-09-19 18:25:24,767 - config.config - INFO - Table 'students' created successfully
2024-09-19 18:25:24,767 - config.config - INFO - Indexes created successfully
2024-09-19 18:25:25,176 - config.config - INFO - Rooms data added successfully.
2024-09-19 18:25:25,176 - config.config - INFO - Data loaded successfully 
2024-09-19 18:25:25,177 - config.config - INFO - Database committed 
2024-09-19 18:25:29,186 - config.config - INFO - Students data added successfully.
2024-09-19 18:25:29,187 - config.config - INFO - Data loaded successfully 
2024-09-19 18:25:29,187 - config.config - INFO - Database committed 
2024-09-19 18:25:29,192 - config.config - INFO - get_rooms_with_student_count worked successfully.
2024-09-19 18:25:29,198 - config.config - INFO - get_avg_min_age_in_room worked successfully.
2024-09-19 18:25:29,206 - config.config - INFO - get_max_age_diff_room worked successfully.
2024-09-19 18:25:29,210 - config.config - INFO - get_mixedsex_rooms worked successfully.
2024-09-19 18:25:29,210 - config.config - INFO - Data converted to a list of dictionaries successfully.
2024-09-19 18:25:29,212 - config.config - INFO - Data successfully saved to getting_rooms_with_st_count.json
2024-09-19 18:25:29,212 - config.config - INFO - Data converted to a list of dictionaries successfully.
2024-09-19 18:25:29,212 - config.config - INFO - Data successfully saved to getting_five_rooms_with_min_avg_age.json
2024-09-19 18:25:29,212 - config.config - INFO - Data converted to a list of dictionaries successfully.
2024-09-19 18:25:29,212 - config.config - INFO - Data successfully saved to getting_rooms_with_max_age_diff.json
2024-09-19 18:25:29,214 - config.config - INFO - Data converted to a list of dictionaries successfully.
2024-09-19 18:25:29,216 - config.config - INFO - Data successfully saved to getting_mixed_sex_rooms.json
2024-09-19 18:25:29,216 - config.config - INFO - Data converted to a list of dictionaries successfully.
2024-09-19 18:25:29,219 - config.config - INFO - Data successfully saved to getting_rooms_with_st_count.xml
2024-09-19 18:25:29,219 - config.config - INFO - Data converted to a list of dictionaries successfully.
2024-09-19 18:25:29,219 - config.config - INFO - Data successfully saved to getting_five_rooms_with_min_avg_age.xml
2024-09-19 18:25:29,219 - config.config - INFO - Data converted to a list of dictionaries successfully.
2024-09-19 18:25:29,220 - config.config - INFO - Data successfully saved to getting_rooms_with_max_age_diff.xml
2024-09-19 18:25:29,220 - config.config - INFO - Data converted to a list of dictionaries successfully.
2024-09-19 18:25:29,222 - config.config - INFO - Data successfully saved to getting_mixed_sex_rooms.xml
2024-09-19 18:25:29,222 - config.config - INFO - Connection with DB was closed
2024-09-19 18:25:58,886 - config.config - INFO - Connected to Database
2024-09-19 18:25:58,895 - config.config - INFO - Connected to Database
2024-09-19 18:25:58,896 - config.config - INFO - Rooms table created successfully
2024-09-19 18:25:58,897 - config.config - INFO - Table 'students' created successfully
2024-09-19 18:25:58,899 - config.config - WARNING - Index creation failed due to relation "idx_students_room_sex" already exists

2024-09-19 18:25:59,290 - config.config - INFO - Rooms data added successfully.
2024-09-19 18:25:59,291 - config.config - INFO - Data loaded successfully 
2024-09-19 18:25:59,291 - config.config - INFO - Database committed 
2024-09-19 18:26:03,539 - config.config - INFO - Students data added successfully.
2024-09-19 18:26:03,540 - config.config - INFO - Data loaded successfully 
2024-09-19 18:26:03,540 - config.config - INFO - Database committed 
2024-09-19 18:26:03,545 - config.config - INFO - get_rooms_with_student_count worked successfully.
2024-09-19 18:26:03,553 - config.config - INFO - get_avg_min_age_in_room worked successfully.
2024-09-19 18:26:03,562 - config.config - INFO - get_max_age_diff_room worked successfully.
2024-09-19 18:26:03,567 - config.config - INFO - get_mixedsex_rooms worked successfully.
2024-09-19 18:26:03,567 - config.config - INFO - Data converted to a list of dictionaries successfully.
2024-09-19 18:26:03,569 - config.config - INFO - Data successfully saved to getting_rooms_with_st_count.json
2024-09-19 18:26:03,569 - config.config - INFO - Data converted to a list of dictionaries successfully.
2024-09-19 18:26:03,570 - config.config - INFO - Data successfully saved to getting_five_rooms_with_min_avg_age.json
2024-09-19 18:26:03,570 - config.config - INFO - Data converted to a list of dictionaries successfully.
2024-09-19 18:26:03,570 - config.config - INFO - Data successfully saved to getting_rooms_with_max_age_diff.json
2024-09-19 18:26:03,570 - config.config - INFO - Data converted to a list of dictionaries successfully.
2024-09-19 18:26:03,572 - config.config - INFO - Data successfully saved to getting_mixed_sex_rooms.json
2024-09-19 18:26:03,572 - config.config - INFO - Data converted to a list of dictionaries successfully.
2024-09-19 18:26:03,576 - config.config - INFO - Data successfully saved to getting_rooms_with_st_count.xml
2024-09-19 18:26:03,576 - config.config - INFO - Data converted to a list of dictionaries successfully.
2024-09-19 18:26:03,576 - config.config - INFO - Data successfully saved to getting_five_rooms_with_min_avg_age.xml
2024-09-19 18:26:03,576 - config.config - INFO - Data converted to a list of dictionaries successfully.
2024-09-19 18:26:03,577 - config.config - INFO - Data successfully saved to getting_rooms_with_max_age_diff.xml
2024-09-19 18:26:03,577 - config.config - INFO - Data converted to a list of dictionaries successfully.
2024-09-19 18:26:03,579 - config.config - INFO - Data successfully saved to getting_mixed_sex_rooms.xml
2024-09-19 18:26:03,579 - config.config - INFO - Connection with DB was closed
2024-09-19 19:14:30,396 - config.config - INFO - Connected to Database
2024-09-19 19:14:30,408 - config.config - INFO - Connected to Database
2024-09-19 19:14:30,413 - config.config - INFO - Rooms table created successfully
2024-09-19 19:14:30,415 - config.config - INFO - Table 'students' created successfully
2024-09-19 19:14:30,417 - config.config - WARNING - Index creation failed due to relation "idx_students_room_sex" already exists

2024-09-19 19:14:30,869 - config.config - INFO - Rooms data added successfully.
2024-09-19 19:14:30,869 - config.config - INFO - Data loaded successfully 
2024-09-19 19:14:30,869 - config.config - INFO - Database committed 
2024-09-19 19:14:35,427 - config.config - INFO - Students data added successfully.
2024-09-19 19:14:35,428 - config.config - INFO - Data loaded successfully 
2024-09-19 19:14:35,428 - config.config - INFO - Database committed 
2024-09-19 19:14:35,435 - config.config - INFO - get_rooms_with_student_count worked successfully.
2024-09-19 19:14:35,444 - config.config - INFO - get_avg_min_age_in_room worked successfully.
2024-09-19 19:14:35,452 - config.config - INFO - get_max_age_diff_room worked successfully.
2024-09-19 19:14:35,456 - config.config - INFO - get_mixedsex_rooms worked successfully.
2024-09-19 19:14:35,456 - config.config - INFO - Data converted to a list of dictionaries successfully.
2024-09-19 19:14:35,460 - config.config - INFO - Data successfully saved to getting_rooms_with_st_count.json
2024-09-19 19:14:35,460 - config.config - INFO - Data converted to a list of dictionaries successfully.
2024-09-19 19:14:35,460 - config.config - INFO - Data successfully saved to getting_five_rooms_with_min_avg_age.json
2024-09-19 19:14:35,460 - config.config - INFO - Data converted to a list of dictionaries successfully.
2024-09-19 19:14:35,460 - config.config - INFO - Data successfully saved to getting_rooms_with_max_age_diff.json
2024-09-19 19:14:35,461 - config.config - INFO - Data converted to a list of dictionaries successfully.
2024-09-19 19:14:35,463 - config.config - INFO - Data successfully saved to getting_mixed_sex_rooms.json
2024-09-19 19:32:19,006 - config.config - INFO - Connected to Database
2024-09-19 19:32:19,009 - config.config - INFO - Table 'students' created successfully
2024-09-19 19:32:19,010 - config.config - WARNING - Index creation failed due to relation "idx_students_room_sex" already exists

2024-09-19 19:32:28,830 - config.config - INFO - Connected to Database
2024-09-19 19:32:28,833 - config.config - INFO - Table 'students' created successfully
2024-09-19 19:32:28,834 - config.config - WARNING - Index creation failed due to relation "idx_students_room_sex" already exists

2024-09-19 19:34:59,451 - config.config - INFO - Connected to Database
2024-09-19 19:34:59,455 - config.config - INFO - Table 'students' created successfully
2024-09-19 19:34:59,457 - config.config - WARNING - Index creation failed due to relation "idx_students_room_sex" already exists

2024-09-19 20:19:19,152 - config.config - ERROR - Database connection error: connection to server at "localhost" (::1), port 5438 failed: Connection refused (0x0000274D/10061)
	Is the server running on that host and accepting TCP/IP connections?
connection to server at "localhost" (127.0.0.1), port 5438 failed: Connection refused (0x0000274D/10061)
	Is the server running on that host and accepting TCP/IP connections?

2024-09-19 20:20:18,742 - config.config - INFO - Connected to Database
2024-09-19 20:20:18,749 - config.config - INFO - Table 'students' created successfully
2024-09-19 20:20:18,756 - config.config - WARNING - Index creation failed due to relation "idx_students_room_sex" already exists

2024-09-19 20:21:10,369 - config.config - INFO - Connected to Database
2024-09-19 20:21:10,369 - config.config - INFO - Table 'students' created successfully
2024-09-19 20:21:10,377 - config.config - WARNING - Index creation failed due to relation "idx_students_room_sex" already exists

2024-09-19 20:21:32,560 - config.config - INFO - Connected to Database
2024-09-19 20:21:32,563 - config.config - INFO - Table 'students' created successfully
2024-09-19 20:21:32,566 - config.config - WARNING - Index creation failed due to relation "idx_students_room_sex" already exists

2024-09-19 20:22:07,004 - config.config - INFO - Connected to Database
2024-09-19 20:22:07,009 - config.config - INFO - Table 'students' created successfully
2024-09-19 20:22:07,014 - config.config - WARNING - Index creation failed due to relation "idx_students_room_sex" already exists

2024-09-19 20:33:40,928 - config.config - INFO - Connected to Database
2024-09-19 20:33:40,938 - config.config - INFO - Table 'students' created successfully
2024-09-19 20:33:40,942 - config.config - WARNING - Index creation failed due to relation "idx_students_room_sex" already exists

2024-09-19 20:36:17,585 - config.config - INFO - Connected to Database
2024-09-19 20:36:17,600 - config.config - INFO - Connected to Database
2024-09-19 20:36:17,603 - config.config - INFO - Rooms table created successfully
2024-09-19 20:36:17,606 - config.config - INFO - Table 'students' created successfully
2024-09-19 20:36:17,609 - config.config - WARNING - Index creation failed due to relation "idx_students_room_sex" already exists

2024-09-19 20:36:18,304 - config.config - INFO - Rooms data added successfully.
2024-09-19 20:36:18,304 - config.config - INFO - Data loaded successfully 
2024-09-19 20:36:18,304 - config.config - INFO - Database committed 
2024-09-19 20:36:25,112 - config.config - INFO - Students data added successfully.
2024-09-19 20:36:25,112 - config.config - INFO - Data loaded successfully 
2024-09-19 20:36:25,113 - config.config - INFO - Database committed 
2024-09-19 20:36:25,128 - config.config - INFO - get_rooms_with_student_count worked successfully.
2024-09-19 20:36:25,143 - config.config - INFO - get_avg_min_age_in_room worked successfully.
2024-09-19 20:36:25,157 - config.config - INFO - get_max_age_diff_room worked successfully.
2024-09-19 20:36:25,165 - config.config - INFO - get_mixedsex_rooms worked successfully.
2024-09-19 20:36:25,165 - config.config - INFO - Data converted to a list of dictionaries successfully.
2024-09-19 20:36:25,170 - config.config - INFO - Data successfully saved to getting_rooms_with_st_count.json
2024-09-19 20:36:25,171 - config.config - INFO - Data converted to a list of dictionaries successfully.
2024-09-19 20:36:25,171 - config.config - INFO - Data successfully saved to getting_five_rooms_with_min_avg_age.json
2024-09-19 20:36:25,171 - config.config - INFO - Data converted to a list of dictionaries successfully.
2024-09-19 20:36:25,171 - config.config - INFO - Data successfully saved to getting_rooms_with_max_age_diff.json
2024-09-19 20:36:25,172 - config.config - INFO - Data converted to a list of dictionaries successfully.
2024-09-19 20:36:25,176 - config.config - INFO - Data successfully saved to getting_mixed_sex_rooms.json
2024-09-19 20:36:25,176 - config.config - INFO - Data converted to a list of dictionaries successfully.
2024-09-19 20:36:25,182 - config.config - INFO - Data successfully saved to getting_rooms_with_st_count.xml
2024-09-19 20:36:25,182 - config.config - INFO - Data converted to a list of dictionaries successfully.
2024-09-19 20:36:25,183 - config.config - INFO - Data successfully saved to getting_five_rooms_with_min_avg_age.xml
2024-09-19 20:36:25,183 - config.config - INFO - Data converted to a list of dictionaries successfully.
2024-09-19 20:36:25,183 - config.config - INFO - Data successfully saved to getting_rooms_with_max_age_diff.xml
2024-09-19 20:36:25,184 - config.config - INFO - Data converted to a list of dictionaries successfully.
2024-09-19 20:36:25,188 - config.config - INFO - Data successfully saved to getting_mixed_sex_rooms.xml
2024-09-19 20:36:25,188 - config.config - INFO - Connection with DB was closed
2024-09-19 20:37:40,135 - config.config - INFO - Connected to Database
2024-09-19 20:37:40,156 - config.config - INFO - Connected to Database
2024-09-19 20:38:09,449 - config.config - INFO - Connected to Database
2024-09-19 20:38:09,484 - config.config - INFO - Connected to Database
2024-09-19 20:38:09,488 - config.config - INFO - Table 'students' created successfully
2024-09-19 20:38:09,492 - config.config - WARNING - Index creation failed due to relation "idx_students_room_sex" already exists

2024-09-19 20:38:09,494 - config.config - INFO - Rooms table created successfully
2024-09-19 20:38:09,496 - config.config - INFO - Table 'students' created successfully
2024-09-19 20:38:09,497 - config.config - WARNING - Index creation failed due to relation "idx_students_room_sex" already exists

2024-09-19 20:38:10,157 - config.config - INFO - Rooms data added successfully.
2024-09-19 20:38:10,158 - config.config - INFO - Data loaded successfully 
2024-09-19 20:38:10,158 - config.config - INFO - Database committed 
2024-09-19 20:38:18,878 - config.config - INFO - Students data added successfully.
2024-09-19 20:38:18,879 - config.config - INFO - Data loaded successfully 
2024-09-19 20:38:18,880 - config.config - INFO - Database committed 
2024-09-19 20:38:18,886 - config.config - INFO - get_rooms_with_student_count worked successfully.
2024-09-19 20:38:18,896 - config.config - INFO - get_avg_min_age_in_room worked successfully.
2024-09-19 20:38:18,909 - config.config - INFO - get_max_age_diff_room worked successfully.
2024-09-19 20:38:18,915 - config.config - INFO - get_mixedsex_rooms worked successfully.
2024-09-19 20:38:18,915 - config.config - INFO - Data converted to a list of dictionaries successfully.
2024-09-19 20:38:18,919 - config.config - INFO - Data successfully saved to getting_rooms_with_st_count.json
2024-09-19 20:38:18,919 - config.config - INFO - Data converted to a list of dictionaries successfully.
2024-09-19 20:38:18,920 - config.config - INFO - Data successfully saved to getting_five_rooms_with_min_avg_age.json
2024-09-19 20:38:18,920 - config.config - INFO - Data converted to a list of dictionaries successfully.
2024-09-19 20:38:18,920 - config.config - INFO - Data successfully saved to getting_rooms_with_max_age_diff.json
2024-09-19 20:38:18,921 - config.config - INFO - Data converted to a list of dictionaries successfully.
2024-09-19 20:38:18,924 - config.config - INFO - Data successfully saved to getting_mixed_sex_rooms.json
2024-09-19 20:38:18,924 - config.config - INFO - Data converted to a list of dictionaries successfully.
2024-09-19 20:38:18,929 - config.config - INFO - Data successfully saved to getting_rooms_with_st_count.xml
2024-09-19 20:38:18,929 - config.config - INFO - Data converted to a list of dictionaries successfully.
2024-09-19 20:38:18,931 - config.config - INFO - Data successfully saved to getting_five_rooms_with_min_avg_age.xml
2024-09-19 20:38:18,931 - config.config - INFO - Data converted to a list of dictionaries successfully.
2024-09-19 20:38:18,931 - config.config - INFO - Data successfully saved to getting_rooms_with_max_age_diff.xml
2024-09-19 20:38:18,931 - config.config - INFO - Data converted to a list of dictionaries successfully.
2024-09-19 20:38:18,935 - config.config - INFO - Data successfully saved to getting_mixed_sex_rooms.xml
2024-09-19 20:38:18,935 - config.config - INFO - Connection with DB was closed
2024-09-19 20:39:13,119 - config.config - INFO - Connected to Database
2024-09-19 20:39:13,134 - config.config - INFO - Connected to Database
2024-09-19 20:39:13,142 - config.config - INFO - Table 'students' created successfully
2024-09-19 20:39:13,146 - config.config - WARNING - Index creation failed due to relation "idx_students_room_sex" already exists

2024-09-19 20:39:13,923 - config.config - INFO - Rooms data added successfully.
2024-09-19 20:39:13,923 - config.config - INFO - Data loaded successfully 
2024-09-19 20:39:13,926 - config.config - INFO - Rooms table created successfully
2024-09-19 20:39:13,929 - config.config - INFO - Table 'students' created successfully
2024-09-19 20:39:13,932 - config.config - WARNING - Index creation failed due to relation "idx_students_room_sex" already exists

2024-09-19 20:39:14,716 - config.config - INFO - Rooms data added successfully.
2024-09-19 20:39:14,716 - config.config - INFO - Data loaded successfully 
2024-09-19 20:39:14,716 - config.config - INFO - Database committed 
2024-09-19 20:39:22,024 - config.config - INFO - Students data added successfully.
2024-09-19 20:39:22,025 - config.config - INFO - Data loaded successfully 
2024-09-19 20:39:22,026 - config.config - INFO - Database committed 
2024-09-19 20:39:22,037 - config.config - INFO - get_rooms_with_student_count worked successfully.
2024-09-19 20:39:22,051 - config.config - INFO - get_avg_min_age_in_room worked successfully.
2024-09-19 20:39:22,067 - config.config - INFO - get_max_age_diff_room worked successfully.
2024-09-19 20:39:22,075 - config.config - INFO - get_mixedsex_rooms worked successfully.
2024-09-19 20:39:22,075 - config.config - INFO - Data converted to a list of dictionaries successfully.
2024-09-19 20:39:22,081 - config.config - INFO - Data successfully saved to getting_rooms_with_st_count.json
2024-09-19 20:39:22,081 - config.config - INFO - Data converted to a list of dictionaries successfully.
2024-09-19 20:39:22,081 - config.config - INFO - Data successfully saved to getting_five_rooms_with_min_avg_age.json
2024-09-19 20:39:22,081 - config.config - INFO - Data converted to a list of dictionaries successfully.
2024-09-19 20:39:22,081 - config.config - INFO - Data successfully saved to getting_rooms_with_max_age_diff.json
2024-09-19 20:39:22,082 - config.config - INFO - Data converted to a list of dictionaries successfully.
2024-09-19 20:39:22,086 - config.config - INFO - Data successfully saved to getting_mixed_sex_rooms.json
2024-09-19 20:39:22,087 - config.config - INFO - Data converted to a list of dictionaries successfully.
2024-09-19 20:39:22,094 - config.config - INFO - Data successfully saved to getting_rooms_with_st_count.xml
2024-09-19 20:39:22,094 - config.config - INFO - Data converted to a list of dictionaries successfully.
2024-09-19 20:39:22,095 - config.config - INFO - Data successfully saved to getting_five_rooms_with_min_avg_age.xml
2024-09-19 20:39:22,095 - config.config - INFO - Data converted to a list of dictionaries successfully.
2024-09-19 20:39:22,095 - config.config - INFO - Data successfully saved to getting_rooms_with_max_age_diff.xml
2024-09-19 20:39:22,096 - config.config - INFO - Data converted to a list of dictionaries successfully.
2024-09-19 20:39:22,100 - config.config - INFO - Data successfully saved to getting_mixed_sex_rooms.xml
2024-09-19 20:39:22,101 - config.config - INFO - Connection with DB was closed
2024-09-20 10:47:51,855 - config.config - ERROR - Database connection error: connection to server at "localhost" (::1), port 5438 failed: Connection refused (0x0000274D/10061)
	Is the server running on that host and accepting TCP/IP connections?
connection to server at "localhost" (127.0.0.1), port 5438 failed: Connection refused (0x0000274D/10061)
	Is the server running on that host and accepting TCP/IP connections?

2024-09-20 10:47:55,940 - config.config - ERROR - Database connection error: connection to server at "localhost" (::1), port 5438 failed: Connection refused (0x0000274D/10061)
	Is the server running on that host and accepting TCP/IP connections?
connection to server at "localhost" (127.0.0.1), port 5438 failed: Connection refused (0x0000274D/10061)
	Is the server running on that host and accepting TCP/IP connections?

2024-09-20 10:47:55,953 - config.config - ERROR - Failed to add data to rooms due to: cannot access local variable 'cursor' where it is not associated with a value
2024-09-20 10:47:55,953 - config.config - INFO - Data loaded successfully 
2024-09-20 10:48:17,425 - config.config - INFO - Connected to Database
2024-09-20 10:48:17,457 - config.config - INFO - Connected to Database
2024-09-20 10:48:17,462 - config.config - INFO - Table 'students' created successfully
2024-09-20 10:48:17,466 - config.config - WARNING - Index creation failed due to relation "idx_students_room_sex" already exists

2024-09-20 10:48:17,901 - config.config - INFO - Rooms data added successfully.
2024-09-20 10:48:17,901 - config.config - INFO - Data loaded successfully 
2024-09-20 10:48:17,903 - config.config - INFO - Rooms table created successfully
2024-09-20 10:48:17,905 - config.config - INFO - Table 'students' created successfully
2024-09-20 10:48:17,906 - config.config - WARNING - Index creation failed due to relation "idx_students_room_sex" already exists

2024-09-20 10:48:18,326 - config.config - INFO - Rooms data added successfully.
2024-09-20 10:48:18,326 - config.config - INFO - Data loaded successfully 
2024-09-20 10:48:18,326 - config.config - INFO - Database committed 
2024-09-20 10:48:22,769 - config.config - INFO - Students data added successfully.
2024-09-20 10:48:22,769 - config.config - INFO - Data loaded successfully 
2024-09-20 10:48:22,770 - config.config - INFO - Database committed 
2024-09-20 10:48:22,782 - config.config - INFO - get_rooms_with_student_count worked successfully.
2024-09-20 10:48:22,793 - config.config - INFO - get_avg_min_age_in_room worked successfully.
2024-09-20 10:48:22,803 - config.config - INFO - get_max_age_diff_room worked successfully.
2024-09-20 10:48:22,823 - config.config - INFO - get_mixedsex_rooms worked successfully.
2024-09-20 10:48:22,823 - config.config - INFO - Data converted to a list of dictionaries successfully.
2024-09-20 10:48:22,826 - config.config - INFO - Data successfully saved to getting_rooms_with_st_count.json
2024-09-20 10:48:22,826 - config.config - INFO - Data converted to a list of dictionaries successfully.
2024-09-20 10:48:22,826 - config.config - INFO - Data successfully saved to getting_five_rooms_with_min_avg_age.json
2024-09-20 10:48:22,826 - config.config - INFO - Data converted to a list of dictionaries successfully.
2024-09-20 10:48:22,826 - config.config - INFO - Data successfully saved to getting_rooms_with_max_age_diff.json
2024-09-20 10:48:22,827 - config.config - INFO - Data converted to a list of dictionaries successfully.
2024-09-20 10:48:22,829 - config.config - INFO - Data successfully saved to getting_mixed_sex_rooms.json
2024-09-20 10:48:22,829 - config.config - INFO - Data converted to a list of dictionaries successfully.
2024-09-20 10:48:22,833 - config.config - INFO - Data successfully saved to getting_rooms_with_st_count.xml
2024-09-20 10:48:22,833 - config.config - INFO - Data converted to a list of dictionaries successfully.
2024-09-20 10:48:22,834 - config.config - INFO - Data successfully saved to getting_five_rooms_with_min_avg_age.xml
2024-09-20 10:48:22,834 - config.config - INFO - Data converted to a list of dictionaries successfully.
2024-09-20 10:48:22,834 - config.config - INFO - Data successfully saved to getting_rooms_with_max_age_diff.xml
2024-09-20 10:48:22,834 - config.config - INFO - Data converted to a list of dictionaries successfully.
2024-09-20 10:48:22,837 - config.config - INFO - Data successfully saved to getting_mixed_sex_rooms.xml
2024-09-20 10:48:22,838 - config.config - INFO - Connection with DB was closed
